2025-05-29 16:06:50,250 - INFO - Started running...
2025-05-29 16:06:50,251 - WARNING - File 'data\bitcoin_prices.json' not found. Creating new one
2025-05-29 16:06:50,251 - INFO - Created new empty JSON file: 'data\bitcoin_prices.json'
2025-05-29 16:06:50,435 - INFO - Bitcoin data was added to json
2025-05-29 16:07:50,913 - INFO - Bitcoin data was added to json
2025-05-29 16:08:51,141 - INFO - Bitcoin data was added to json
2025-05-29 16:09:51,474 - INFO - Bitcoin data was added to json
2025-05-29 16:10:51,703 - INFO - Bitcoin data was added to json
2025-05-29 16:11:51,926 - INFO - Bitcoin data was added to json
2025-05-29 16:12:52,148 - INFO - Bitcoin data was added to json
2025-05-29 16:13:52,384 - INFO - Bitcoin data was added to json
2025-05-29 16:14:52,584 - INFO - Bitcoin data was added to json
2025-05-29 16:15:52,822 - INFO - Bitcoin data was added to json
2025-05-29 16:16:53,003 - INFO - Bitcoin data was added to json
2025-05-29 16:17:53,216 - INFO - Bitcoin data was added to json
2025-05-29 16:18:53,535 - INFO - Bitcoin data was added to json
2025-05-29 16:19:53,882 - INFO - Bitcoin data was added to json
2025-05-29 16:20:54,091 - INFO - Bitcoin data was added to json
2025-05-29 16:21:54,331 - INFO - Bitcoin data was added to json
2025-05-29 16:22:54,683 - INFO - Bitcoin data was added to json
2025-05-29 16:23:54,888 - INFO - Bitcoin data was added to json
2025-05-29 16:24:55,111 - INFO - Bitcoin data was added to json
2025-05-29 16:25:55,349 - INFO - Bitcoin data was added to json
2025-05-29 16:26:55,587 - INFO - Bitcoin data was added to json
2025-05-29 16:27:55,808 - INFO - Bitcoin data was added to json
2025-05-29 16:28:56,019 - INFO - Bitcoin data was added to json
2025-05-29 16:29:56,238 - INFO - Bitcoin data was added to json
2025-05-29 16:30:56,578 - INFO - Bitcoin data was added to json
2025-05-29 16:31:57,054 - INFO - Bitcoin data was added to json
2025-05-29 16:32:57,258 - INFO - Bitcoin data was added to json
2025-05-29 16:33:57,479 - INFO - Bitcoin data was added to json
2025-05-29 16:34:57,703 - INFO - Bitcoin data was added to json
2025-05-29 16:35:57,948 - INFO - Bitcoin data was added to json
2025-05-29 16:36:58,193 - INFO - Bitcoin data was added to json
2025-05-29 16:37:58,380 - INFO - Bitcoin data was added to json
2025-05-29 16:38:58,725 - INFO - Bitcoin data was added to json
2025-05-29 16:39:58,963 - INFO - Bitcoin data was added to json
2025-05-29 16:40:59,442 - INFO - Bitcoin data was added to json
2025-05-29 16:41:59,668 - INFO - Bitcoin data was added to json
2025-05-29 16:42:59,896 - INFO - Bitcoin data was added to json
2025-05-29 16:44:00,121 - INFO - Bitcoin data was added to json
2025-05-29 16:45:00,471 - INFO - Bitcoin data was added to json
2025-05-29 16:46:00,716 - INFO - Bitcoin data was added to json
2025-05-29 16:47:00,952 - INFO - Bitcoin data was added to json
2025-05-29 16:48:01,167 - INFO - Bitcoin data was added to json
2025-05-29 16:49:01,519 - INFO - Bitcoin data was added to json
2025-05-29 16:50:01,860 - INFO - Bitcoin data was added to json
2025-05-29 16:51:02,094 - INFO - Bitcoin data was added to json
2025-05-29 16:52:02,330 - INFO - Bitcoin data was added to json
2025-05-29 16:53:02,550 - INFO - Bitcoin data was added to json
2025-05-29 16:54:02,771 - INFO - Bitcoin data was added to json
2025-05-29 16:55:02,996 - INFO - Bitcoin data was added to json
2025-05-29 16:56:03,224 - INFO - Bitcoin data was added to json
2025-05-29 16:57:03,589 - INFO - Bitcoin data was added to json
2025-05-29 16:58:03,822 - INFO - Bitcoin data was added to json
2025-05-29 16:59:04,052 - INFO - Bitcoin data was added to json
2025-05-29 17:00:04,281 - INFO - Bitcoin data was added to json
2025-05-29 17:01:04,525 - INFO - Bitcoin data was added to json
2025-05-29 17:02:04,749 - INFO - Bitcoin data was added to json
2025-05-29 17:03:04,966 - INFO - Bitcoin data was added to json
2025-05-29 17:04:05,188 - INFO - Bitcoin data was added to json
2025-05-29 17:05:05,540 - INFO - Bitcoin data was added to json
2025-05-29 17:06:06,120 - INFO - Bitcoin data was added to json
2025-05-29 17:06:51,299 - INFO - Graph image saved as 'graph_images\bitcoin_graph_2025-05-29_from_16-06_to_17-06.png'
2025-05-29 17:06:55,004 - INFO - An email was sent to 'rina.tseshkovsky@gmail.com'
2025-05-29 17:07:06,343 - INFO - Bitcoin data was added to json
2025-05-29 17:08:06,818 - INFO - Bitcoin data was added to json
2025-05-29 17:09:07,069 - INFO - Bitcoin data was added to json
2025-05-29 17:10:07,259 - INFO - Bitcoin data was added to json
2025-05-29 17:11:07,505 - INFO - Bitcoin data was added to json
2025-05-29 17:12:07,744 - INFO - Bitcoin data was added to json
2025-05-29 17:13:07,967 - INFO - Bitcoin data was added to json
2025-05-29 17:14:08,187 - INFO - Bitcoin data was added to json
2025-05-29 17:15:08,511 - INFO - Bitcoin data was added to json
2025-05-29 17:16:08,733 - INFO - Bitcoin data was added to json
2025-05-29 17:17:08,978 - INFO - Bitcoin data was added to json
2025-05-29 17:18:09,210 - INFO - Bitcoin data was added to json
2025-05-29 17:19:09,684 - INFO - Bitcoin data was added to json
2025-05-29 17:20:09,920 - INFO - Bitcoin data was added to json
2025-05-29 17:21:10,104 - INFO - Bitcoin data was added to json
2025-05-29 17:22:10,452 - INFO - Bitcoin data was added to json
2025-05-29 17:23:10,679 - INFO - Bitcoin data was added to json
2025-05-29 17:24:10,919 - INFO - Bitcoin data was added to json
2025-05-29 17:25:11,116 - INFO - Bitcoin data was added to json
2025-05-29 17:26:11,345 - INFO - Bitcoin data was added to json
